0 info it worked if it ends with ok
1 verbose cli [ 'D:\\dev\\nodejs\\node.exe',
1 verbose cli   'D:\\dev\\nodejs\\node_modules\\npm\\bin\\npm-cli.js',
1 verbose cli   'run',
1 verbose cli   'dev' ]
2 info using npm@3.10.10
3 info using node@v6.10.3
4 verbose run-script [ 'predev', 'dev', 'postdev' ]
5 info lifecycle webpack_study@1.0.0~predev: webpack_study@1.0.0
6 silly lifecycle webpack_study@1.0.0~predev: no script for predev, continuing
7 info lifecycle webpack_study@1.0.0~dev: webpack_study@1.0.0
8 verbose lifecycle webpack_study@1.0.0~dev: unsafe-perm in lifecycle true
9 verbose lifecycle webpack_study@1.0.0~dev: PATH: D:\dev\nvm\v6.10.3\node_modules\npm\bin\node-gyp-bin;C:\Users\Administrator\Documents\HBuilderProject\vue_VUE\node_modules\.bin;D:\Program Files\feiq\Recv Files\apache-tomcat-9.0.4\bin;C:\Program Files\Java\jdk1.8.0_112\bin;C:\ProgramData\Anaconda3;C:\ProgramData\Anaconda3\Library\mingw-w64\bin;C:\ProgramData\Anaconda3\Library\usr\bin;C:\ProgramData\Anaconda3\Library\bin;C:\ProgramData\Anaconda3\Scripts;C:\WINDOWS\system32;C:\WINDOWS;C:\WINDOWS\System32\Wbem;C:\WINDOWS\System32\WindowsPowerShell\v1.0\;C:\Users\Administrator\AppData\Local\Microsoft\WindowsApps;C:\Program Files\JetBrains\PyCharm 2018.3.4\bin;D:\dev\nvm;D:\dev\nodejs;D:\dev\nvm\;C:\Program Files\Git\cmd;C:\Users\Administrator\AppData\Local\Microsoft\WindowsApps;;C:\Program Files\JetBrains\PyCharm 2018.3.4\bin;;C:\Users\Administrator\AppData\Roaming\npm
10 verbose lifecycle webpack_study@1.0.0~dev: CWD: C:\Users\Administrator\Documents\HBuilderProject\vue_VUE
11 silly lifecycle webpack_study@1.0.0~dev: Args: [ '/d /s /c',
11 silly lifecycle   'webpack-dev-server --open --localhost 8020 --contentBase src --hot' ]
12 silly lifecycle webpack_study@1.0.0~dev: Returned: code: 3221225786  signal: null
13 info lifecycle webpack_study@1.0.0~dev: Failed to exec dev script
14 verbose stack Error: webpack_study@1.0.0 dev: `webpack-dev-server --open --localhost 8020 --contentBase src --hot`
14 verbose stack Exit status 3221225786
14 verbose stack     at EventEmitter.<anonymous> (D:\dev\nvm\v6.10.3\node_modules\npm\lib\utils\lifecycle.js:255:16)
14 verbose stack     at emitTwo (events.js:106:13)
14 verbose stack     at EventEmitter.emit (events.js:191:7)
14 verbose stack     at ChildProcess.<anonymous> (D:\dev\nvm\v6.10.3\node_modules\npm\lib\utils\spawn.js:40:14)
14 verbose stack     at emitTwo (events.js:106:13)
14 verbose stack     at ChildProcess.emit (events.js:191:7)
14 verbose stack     at maybeClose (internal/child_process.js:886:16)
14 verbose stack     at Process.ChildProcess._handle.onexit (internal/child_process.js:226:5)
15 verbose pkgid webpack_study@1.0.0
16 verbose cwd C:\Users\Administrator\Documents\HBuilderProject\vue_VUE
17 error Windows_NT 10.0.17763
18 error argv "D:\\dev\\nodejs\\node.exe" "D:\\dev\\nodejs\\node_modules\\npm\\bin\\npm-cli.js" "run" "dev"
19 error node v6.10.3
20 error npm  v3.10.10
21 error code ELIFECYCLE
22 error webpack_study@1.0.0 dev: `webpack-dev-server --open --localhost 8020 --contentBase src --hot`
22 error Exit status 3221225786
23 error Failed at the webpack_study@1.0.0 dev script 'webpack-dev-server --open --localhost 8020 --contentBase src --hot'.
23 error Make sure you have the latest version of node.js and npm installed.
23 error If you do, this is most likely a problem with the webpack_study package,
23 error not with npm itself.
23 error Tell the author that this fails on your system:
23 error     webpack-dev-server --open --localhost 8020 --contentBase src --hot
23 error You can get information on how to open an issue for this project with:
23 error     npm bugs webpack_study
23 error Or if that isn't available, you can get their info via:
23 error     npm owner ls webpack_study
23 error There is likely additional logging output above.
24 verbose exit [ 1, true ]
